0 info it worked if it ends with ok
1 verbose cli [ 'node',
1 verbose cli   '/usr/local/bin/npm',
1 verbose cli   'install',
1 verbose cli   '-g',
1 verbose cli   'bower',
1 verbose cli   'grunt-cli' ]
2 info using npm@1.4.23
3 info using node@v0.10.31
4 verbose cache add [ 'bower', null ]
5 verbose cache add name=undefined spec="bower" args=["bower",null]
6 verbose parsed url { protocol: null,
6 verbose parsed url   slashes: null,
6 verbose parsed url   auth: null,
6 verbose parsed url   host: null,
6 verbose parsed url   port: null,
6 verbose parsed url   hostname: null,
6 verbose parsed url   hash: null,
6 verbose parsed url   search: null,
6 verbose parsed url   query: null,
6 verbose parsed url   pathname: 'bower',
6 verbose parsed url   path: 'bower',
6 verbose parsed url   href: 'bower' }
7 verbose cache add [ 'grunt-cli', null ]
8 verbose cache add name=undefined spec="grunt-cli" args=["grunt-cli",null]
9 verbose parsed url { protocol: null,
9 verbose parsed url   slashes: null,
9 verbose parsed url   auth: null,
9 verbose parsed url   host: null,
9 verbose parsed url   port: null,
9 verbose parsed url   hostname: null,
9 verbose parsed url   hash: null,
9 verbose parsed url   search: null,
9 verbose parsed url   query: null,
9 verbose parsed url   pathname: 'grunt-cli',
9 verbose parsed url   path: 'grunt-cli',
9 verbose parsed url   href: 'grunt-cli' }
10 silly lockFile 206e3ce5-bower bower
11 verbose lock bower /Users/ryanliao/.npm/206e3ce5-bower.lock
12 silly lockFile 671ef8ac-grunt-cli grunt-cli
13 verbose lock grunt-cli /Users/ryanliao/.npm/671ef8ac-grunt-cli.lock
14 silly lockFile 206e3ce5-bower bower
15 silly lockFile 206e3ce5-bower bower
16 silly lockFile 671ef8ac-grunt-cli grunt-cli
17 silly lockFile 671ef8ac-grunt-cli grunt-cli
18 verbose addNamed [ 'bower', '' ]
19 verbose addNamed [ null, '*' ]
20 silly lockFile 1240aab1-bower bower@
21 verbose lock bower@ /Users/ryanliao/.npm/1240aab1-bower.lock
22 verbose addNamed [ 'grunt-cli', '' ]
23 verbose addNamed [ null, '*' ]
24 silly lockFile d63f3d0b-grunt-cli grunt-cli@
25 verbose lock grunt-cli@ /Users/ryanliao/.npm/d63f3d0b-grunt-cli.lock
26 silly addNameRange { name: 'bower', range: '*', hasData: false }
27 silly addNameRange { name: 'grunt-cli', range: '*', hasData: false }
28 verbose request where is /bower
29 verbose request registry https://registry.npmjs.org/
30 verbose request id 32e7f44f667ebfbe
31 verbose url raw /bower
32 verbose url resolving [ 'https://registry.npmjs.org/', './bower' ]
33 verbose url resolved https://registry.npmjs.org/bower
34 verbose request where is https://registry.npmjs.org/bower
35 info trying registry request attempt 1 at 17:45:52
36 verbose etag "CEMR1HQYCLE8N4O2HHP7EN0EZ"
37 http GET https://registry.npmjs.org/bower
38 verbose request where is /grunt-cli
39 verbose request registry https://registry.npmjs.org/
40 verbose url raw /grunt-cli
41 verbose url resolving [ 'https://registry.npmjs.org/', './grunt-cli' ]
42 verbose url resolved https://registry.npmjs.org/grunt-cli
43 verbose request where is https://registry.npmjs.org/grunt-cli
44 info trying registry request attempt 1 at 17:45:52
45 verbose etag "42HXSJEDKXE3E77LORJEEZN7I"
46 http GET https://registry.npmjs.org/grunt-cli
47 http 304 https://registry.npmjs.org/bower
48 silly registry.get cb [ 304,
48 silly registry.get   { date: 'Thu, 30 Oct 2014 00:45:52 GMT',
48 silly registry.get     server: 'Apache',
48 silly registry.get     via: '1.1 varnish',
48 silly registry.get     'last-modified': 'Thu, 30 Oct 2014 00:45:42 GMT',
48 silly registry.get     'cache-control': 'max-age=60',
48 silly registry.get     etag: '"CEMR1HQYCLE8N4O2HHP7EN0EZ"',
48 silly registry.get     age: '26',
48 silly registry.get     'x-served-by': 'cache-lax1435-LAX',
48 silly registry.get     'x-cache': 'HIT',
48 silly registry.get     'x-cache-hits': '2',
48 silly registry.get     'x-timer': 'S1414629952.503263,VS0,VE0',
48 silly registry.get     vary: 'Accept',
48 silly registry.get     'content-length': '0',
48 silly registry.get     'keep-alive': 'timeout=10, max=50',
48 silly registry.get     connection: 'Keep-Alive' } ]
49 verbose etag https://registry.npmjs.org/bower from cache
50 silly addNameRange number 2 { name: 'bower', range: '*', hasData: true }
51 silly addNameRange versions [ 'bower',
51 silly addNameRange   [ '0.1.0',
51 silly addNameRange     '0.1.2',
51 silly addNameRange     '0.1.3',
51 silly addNameRange     '0.2.0',
51 silly addNameRange     '0.3.0',
51 silly addNameRange     '0.3.1',
51 silly addNameRange     '0.3.2',
51 silly addNameRange     '0.4.0',
51 silly addNameRange     '0.5.0',
51 silly addNameRange     '0.5.1',
51 silly addNameRange     '0.6.0',
51 silly addNameRange     '0.6.1',
51 silly addNameRange     '0.6.2',
51 silly addNameRange     '0.6.3',
51 silly addNameRange     '0.6.4',
51 silly addNameRange     '0.6.5',
51 silly addNameRange     '0.6.6',
51 silly addNameRange     '0.6.7',
51 silly addNameRange     '0.6.8',
51 silly addNameRange     '0.7.0',
51 silly addNameRange     '0.7.1',
51 silly addNameRange     '0.8.0',
51 silly addNameRange     '0.8.1',
51 silly addNameRange     '0.8.2',
51 silly addNameRange     '0.8.3',
51 silly addNameRange     '0.8.4',
51 silly addNameRange     '0.8.5',
51 silly addNameRange     '0.8.6',
51 silly addNameRange     '0.9.0',
51 silly addNameRange     '0.9.1',
51 silly addNameRange     '0.9.2',
51 silly addNameRange     '0.10.0',
51 silly addNameRange     '1.0.0',
51 silly addNameRange     '1.0.1',
51 silly addNameRange     '1.0.2',
51 silly addNameRange     '1.0.3',
51 silly addNameRange     '1.1.0',
51 silly addNameRange     '1.1.1',
51 silly addNameRange     '1.1.2',
51 silly addNameRange     '1.2.0',
51 silly addNameRange     '1.2.1',
51 silly addNameRange     '1.2.2',
51 silly addNameRange     '1.2.3',
51 silly addNameRange     '1.2.4',
51 silly addNameRange     '1.2.5',
51 silly addNameRange     '1.2.6',
51 silly addNameRange     '1.2.7',
51 silly addNameRange     '1.2.8',
51 silly addNameRange     '1.3.0',
51 silly addNameRange     '1.3.1',
51 silly addNameRange     '1.3.2',
51 silly addNameRange     '1.3.3',
51 silly addNameRange     '1.3.4',
51 silly addNameRange     '1.3.5',
51 silly addNameRange     '1.3.6',
51 silly addNameRange     '1.3.7',
51 silly addNameRange     '1.3.8',
51 silly addNameRange     '1.3.9',
51 silly addNameRange     '1.3.10',
51 silly addNameRange     '1.3.11',
51 silly addNameRange     '1.3.12' ] ]
52 verbose addNamed [ 'bower', '1.3.12' ]
53 verbose addNamed [ '1.3.12', '1.3.12' ]
54 silly lockFile 9819431c-bower-1-3-12 bower@1.3.12
55 verbose lock bower@1.3.12 /Users/ryanliao/.npm/9819431c-bower-1-3-12.lock
56 silly lockFile 9819431c-bower-1-3-12 bower@1.3.12
57 silly lockFile 9819431c-bower-1-3-12 bower@1.3.12
58 silly lockFile 1240aab1-bower bower@
59 silly lockFile 1240aab1-bower bower@
60 http 304 https://registry.npmjs.org/grunt-cli
61 silly registry.get cb [ 304,
61 silly registry.get   { date: 'Thu, 30 Oct 2014 00:45:52 GMT',
61 silly registry.get     server: 'Apache',
61 silly registry.get     via: '1.1 varnish',
61 silly registry.get     'last-modified': 'Thu, 30 Oct 2014 00:45:52 GMT',
61 silly registry.get     'cache-control': 'max-age=60',
61 silly registry.get     etag: '"42HXSJEDKXE3E77LORJEEZN7I"',
61 silly registry.get     age: '0',
61 silly registry.get     'x-served-by': 'cache-lax1421-LAX',
61 silly registry.get     'x-cache': 'HIT',
61 silly registry.get     'x-cache-hits': '1',
61 silly registry.get     'x-timer': 'S1414629952.506781,VS0,VE41',
61 silly registry.get     vary: 'Accept',
61 silly registry.get     'content-length': '0',
61 silly registry.get     'keep-alive': 'timeout=10, max=50',
61 silly registry.get     connection: 'Keep-Alive' } ]
62 verbose etag https://registry.npmjs.org/grunt-cli from cache
63 silly addNameRange number 2 { name: 'grunt-cli', range: '*', hasData: true }
64 silly addNameRange versions [ 'grunt-cli',
64 silly addNameRange   [ '0.1.0',
64 silly addNameRange     '0.1.1',
64 silly addNameRange     '0.1.2',
64 silly addNameRange     '0.1.3',
64 silly addNameRange     '0.1.4',
64 silly addNameRange     '0.1.5',
64 silly addNameRange     '0.1.6',
64 silly addNameRange     '0.1.7',
64 silly addNameRange     '0.1.8',
64 silly addNameRange     '0.1.9',
64 silly addNameRange     '0.1.10',
64 silly addNameRange     '0.1.11',
64 silly addNameRange     '0.1.12',
64 silly addNameRange     '0.1.13' ] ]
65 verbose addNamed [ 'grunt-cli', '0.1.13' ]
66 verbose addNamed [ '0.1.13', '0.1.13' ]
67 silly lockFile 28997503-grunt-cli-0-1-13 grunt-cli@0.1.13
68 verbose lock grunt-cli@0.1.13 /Users/ryanliao/.npm/28997503-grunt-cli-0-1-13.lock
69 silly lockFile 28997503-grunt-cli-0-1-13 grunt-cli@0.1.13
70 silly lockFile 28997503-grunt-cli-0-1-13 grunt-cli@0.1.13
71 silly lockFile d63f3d0b-grunt-cli grunt-cli@
72 silly lockFile d63f3d0b-grunt-cli grunt-cli@
73 silly resolved [ { name: 'bower',
73 silly resolved     version: '1.3.12',
73 silly resolved     description: 'The browser package manager',
73 silly resolved     author: { name: 'Twitter' },
73 silly resolved     licenses: [ [Object] ],
73 silly resolved     repository: { type: 'git', url: 'https://github.com/bower/bower' },
73 silly resolved     main: 'lib',
73 silly resolved     homepage: 'http://bower.io',
73 silly resolved     engines: { node: '>=0.10.0' },
73 silly resolved     dependencies:
73 silly resolved      { abbrev: '~1.0.4',
73 silly resolved        archy: '0.0.2',
73 silly resolved        'bower-config': '~0.5.2',
73 silly resolved        'bower-endpoint-parser': '~0.2.2',
73 silly resolved        'bower-json': '~0.4.0',
73 silly resolved        'bower-logger': '~0.2.2',
73 silly resolved        'bower-registry-client': '~0.2.0',
73 silly resolved        cardinal: '0.4.0',
73 silly resolved        chalk: '0.5.0',
73 silly resolved        chmodr: '0.1.0',
73 silly resolved        'decompress-zip': '0.0.8',
73 silly resolved        fstream: '~1.0.2',
73 silly resolved        'fstream-ignore': '~1.0.1',
73 silly resolved        glob: '~4.0.2',
73 silly resolved        'graceful-fs': '~3.0.1',
73 silly resolved        handlebars: '~2.0.0',
73 silly resolved        inquirer: '0.7.1',
73 silly resolved        insight: '0.4.3',
73 silly resolved        'is-root': '~1.0.0',
73 silly resolved        junk: '~1.0.0',
73 silly resolved        lockfile: '~1.0.0',
73 silly resolved        'lru-cache': '~2.5.0',
73 silly resolved        mkdirp: '0.5.0',
73 silly resolved        mout: '~0.9.0',
73 silly resolved        nopt: '~3.0.0',
73 silly resolved        opn: '~1.0.0',
73 silly resolved        osenv: '0.1.0',
73 silly resolved        'p-throttler': '0.1.0',
73 silly resolved        promptly: '0.2.0',
73 silly resolved        q: '~1.0.1',
73 silly resolved        request: '~2.42.0',
73 silly resolved        'request-progress': '0.3.0',
73 silly resolved        retry: '0.6.0',
73 silly resolved        rimraf: '~2.2.0',
73 silly resolved        semver: '~2.3.0',
73 silly resolved        'shell-quote': '~1.4.1',
73 silly resolved        'stringify-object': '~1.0.0',
73 silly resolved        'tar-fs': '0.5.2',
73 silly resolved        tmp: '0.0.23',
73 silly resolved        'update-notifier': '0.2.0',
73 silly resolved        which: '~1.0.5' },
73 silly resolved     devDependencies:
73 silly resolved      { coveralls: '~2.11.0',
73 silly resolved        'expect.js': '~0.3.1',
73 silly resolved        grunt: '~0.4.4',
73 silly resolved        'grunt-cli': '^0.1.13',
73 silly resolved        'grunt-contrib-jshint': '~0.10.0',
73 silly resolved        'grunt-contrib-watch': '~0.6.1',
73 silly resolved        'grunt-exec': '~0.4.2',
73 silly resolved        'grunt-simple-mocha': '~0.4.0',
73 silly resolved        istanbul: '~0.3.2',
73 silly resolved        'load-grunt-tasks': '~0.6.0',
73 silly resolved        mocha: '~1.21.4',
73 silly resolved        nock: '~0.46.0',
73 silly resolved        'node-uuid': '~1.4.1',
73 silly resolved        proxyquire: '~1.0.1' },
73 silly resolved     scripts: { test: 'grunt test' },
73 silly resolved     bin: { bower: 'bin/bower' },
73 silly resolved     preferGlobal: true,
73 silly resolved     gitHead: 'b26c072f0db054a1902ec4d2e3726dbf8a1c799a',
73 silly resolved     bugs: { url: 'https://github.com/bower/bower/issues' },
73 silly resolved     _id: 'bower@1.3.12',
73 silly resolved     _shasum: '37de0edb3904baf90aee13384a1a379a05ee214c',
73 silly resolved     _from: 'bower@',
73 silly resolved     _npmVersion: '2.0.0',
73 silly resolved     _npmUser: { name: 'sheerun', email: 'sheerun@sher.pl' },
73 silly resolved     maintainers: [ [Object], [Object], [Object], [Object], [Object], [Object] ],
73 silly resolved     dist:
73 silly resolved      { shasum: '37de0edb3904baf90aee13384a1a379a05ee214c',
73 silly resolved        tarball: 'http://registry.npmjs.org/bower/-/bower-1.3.12.tgz' },
73 silly resolved     directories: {},
73 silly resolved     _resolved: 'https://registry.npmjs.org/bower/-/bower-1.3.12.tgz',
73 silly resolved     readme: 'ERROR: No README data found!' },
73 silly resolved   { name: 'grunt-cli',
73 silly resolved     description: 'The grunt command line interface.',
73 silly resolved     version: '0.1.13',
73 silly resolved     author: { name: 'Grunt Team' },
73 silly resolved     homepage: 'http://gruntjs.com/',
73 silly resolved     repository: { type: 'git', url: 'git://github.com/gruntjs/grunt-cli.git' },
73 silly resolved     bugs: { url: 'http://github.com/gruntjs/grunt-cli/issues' },
73 silly resolved     licenses: [ [Object] ],
73 silly resolved     bin: { grunt: 'bin/grunt' },
73 silly resolved     engines: { node: '>= 0.8.0' },
73 silly resolved     scripts: { test: 'node bin/grunt test' },
73 silly resolved     preferGlobal: true,
73 silly resolved     dependencies: { nopt: '~1.0.10', 'findup-sync': '~0.1.0', resolve: '~0.3.1' },
73 silly resolved     devDependencies: { grunt: '~0.4.0', 'grunt-contrib-jshint': '~0.2.0' },
73 silly resolved     contributors: [ [Object], [Object], [Object], [Object] ],
73 silly resolved     _id: 'grunt-cli@0.1.13',
73 silly resolved     dist:
73 silly resolved      { shasum: 'e9ebc4047631f5012d922770c39378133cad10f4',
73 silly resolved        tarball: 'http://registry.npmjs.org/grunt-cli/-/grunt-cli-0.1.13.tgz' },
73 silly resolved     _from: 'grunt-cli@',
73 silly resolved     _npmVersion: '1.3.24',
73 silly resolved     _npmUser: { name: 'tkellen', email: 'tyler@sleekcode.net' },
73 silly resolved     maintainers: [ [Object] ],
73 silly resolved     directories: {},
73 silly resolved     _shasum: 'e9ebc4047631f5012d922770c39378133cad10f4',
73 silly resolved     _resolved: 'https://registry.npmjs.org/grunt-cli/-/grunt-cli-0.1.13.tgz',
73 silly resolved     readme: 'ERROR: No README data found!' } ]
74 info install bower@1.3.12 into /usr/local/lib
75 info install grunt-cli@0.1.13 into /usr/local/lib
76 info installOne bower@1.3.12
77 info installOne grunt-cli@0.1.13
78 verbose lib/node_modules/bower unbuild
79 verbose lib/node_modules/grunt-cli unbuild
80 verbose tar unpack /Users/ryanliao/.npm/bower/1.3.12/package.tgz
81 silly lockFile 1396471b-usr-local-lib-node-modules-bower tar:///usr/local/lib/node_modules/bower
82 verbose lock tar:///usr/local/lib/node_modules/bower /Users/ryanliao/.npm/1396471b-usr-local-lib-node-modules-bower.lock
83 silly lockFile a84cf486-iao-npm-bower-1-3-12-package-tgz tar:///Users/ryanliao/.npm/bower/1.3.12/package.tgz
84 verbose lock tar:///Users/ryanliao/.npm/bower/1.3.12/package.tgz /Users/ryanliao/.npm/a84cf486-iao-npm-bower-1-3-12-package-tgz.lock
85 info preuninstall grunt-cli@0.1.13
86 info uninstall grunt-cli@0.1.13
87 verbose true,/usr/local/lib/node_modules,/usr/local/lib/node_modules unbuild grunt-cli@0.1.13
88 verbose /usr/local/bin,[object Object] binRoot
89 info postuninstall grunt-cli@0.1.13
90 verbose lib/node_modules/grunt-cli unbuild
91 info preuninstall grunt-cli@0.1.13
92 info uninstall grunt-cli@0.1.13
93 verbose true,/usr/local/lib/node_modules,/usr/local/lib/node_modules unbuild grunt-cli@0.1.13
94 verbose /usr/local/bin,[object Object] binRoot
95 info postuninstall grunt-cli@0.1.13
96 error error rolling back Error: EACCES, unlink '/usr/local/lib/node_modules/grunt-cli'
96 error error rolling back  grunt-cli@0.1.13 { [Error: EACCES, unlink '/usr/local/lib/node_modules/grunt-cli']
96 error error rolling back   errno: 3,
96 error error rolling back   code: 'EACCES',
96 error error rolling back   path: '/usr/local/lib/node_modules/grunt-cli' }
97 error Error: EACCES, unlink '/usr/local/lib/node_modules/grunt-cli'
97 error  { [Error: EACCES, unlink '/usr/local/lib/node_modules/grunt-cli']
97 error   errno: 3,
97 error   code: 'EACCES',
97 error   path: '/usr/local/lib/node_modules/grunt-cli' }
98 error Please try running this command again as root/Administrator.
99 error System Darwin 14.0.0
100 error command "node" "/usr/local/bin/npm" "install" "-g" "bower" "grunt-cli"
101 error cwd /Users/ryanliao/Projects/Server/stuffly
102 error node -v v0.10.31
103 error npm -v 1.4.23
104 error path /usr/local/lib/node_modules/grunt-cli
105 error code EACCES
106 error errno 3
107 error stack Error: EACCES, unlink '/usr/local/lib/node_modules/grunt-cli'
108 verbose exit [ 3, true ]
